<?xml version="1.0" encoding="UTF-8"?>
<!-- Generated by org.testng.reporters.JUnitXMLReporter -->
<testsuite ignored="0" hostname="192.168.1.248.non-exists.ptr.local" failures="0" tests="4" name="Surefire test" time="27.163" errors="0" timestamp="2025-01-04T22:02:41 ICT">
  <testcase classname="com.thoaikx.HomePageTest" name="homePage" time="5.347"/>
  <testcase classname="com.thoaikx.HomePageTest" name="selectProduct" time="0.279"/>
  <testcase classname="com.thoaikx.HomePageTest" name="selectProduct" time="0.273"/>
  <testcase classname="com.thoaikx.HomePageTest" name="checkOut" time="6.248"/>
</testsuite> <!-- Surefire test -->
