<?xml version="1.0" encoding="UTF-8"?>
<!-- Generated by org.testng.reporters.JUnitXMLReporter -->
<testsuite ignored="0" hostname="192.168.1.248.non-exists.ptr.local" failures="0" tests="4" name="Surefire test" time="24.04" errors="0" timestamp="2025-01-14T01:37:20 ICT">
  <testcase classname="com.thoaikx.HomePageTest" name="homePage" time="4.764"/>
  <testcase classname="com.thoaikx.HomePageTest" name="selectProduct" time="0.507"/>
  <testcase classname="com.thoaikx.HomePageTest" name="selectProduct" time="0.438"/>
  <testcase classname="com.thoaikx.HomePageTest" name="checkOut" time="6.81"/>
</testsuite> <!-- Surefire test -->
