<?xml version="1.0" encoding="UTF-8"?>
<testng-results ignored="0" total="4" passed="4" failed="0" skipped="0">
  <reporter-output>
  </reporter-output>
  <suite started-at="2025-01-16T23:34:17 ICT" name="Surefire suite" finished-at="2025-01-16T23:34:42 ICT" duration-ms="24585">
    <groups>
    </groups>
    <test started-at="2025-01-16T23:34:17 ICT" name="Surefire test" finished-at="2025-01-16T23:34:42 ICT" duration-ms="24585">
      <class name="com.thoaikx.HomePageTest">
        <test-method is-config="true" signature="beforeSuite()[pri:0, instance:com.thoaikx.HomePageTest@289f15e9]" started-at="2025-01-16T23:34:17 ICT" name="beforeSuite" finished-at="2025-01-16T23:34:17 ICT" duration-ms="204" status="PASS">
          <reporter-output>
          </reporter-output>
        </test-method> <!-- beforeSuite -->
        <test-method is-config="true" signature="preCondition(java.lang.String)[pri:0, instance:com.thoaikx.HomePageTest@289f15e9]" started-at="2025-01-16T23:34:17 ICT" name="preCondition" finished-at="2025-01-16T23:34:25 ICT" duration-ms="7341" status="PASS">
          <params>
            <param index="0">
              <value>
                <![CDATA[chrome]]>
              </value>
            </param>
          </params>
          <reporter-output>
          </reporter-output>
        </test-method> <!-- preCondition -->
        <test-method is-config="true" signature="start()[pri:0, instance:com.thoaikx.HomePageTest@289f15e9]" started-at="2025-01-16T23:34:25 ICT" name="start" finished-at="2025-01-16T23:34:27 ICT" duration-ms="2025" status="PASS">
          <reporter-output>
          </reporter-output>
        </test-method> <!-- start -->
        <test-method signature="homePage()[pri:0, instance:com.thoaikx.HomePageTest@289f15e9]" started-at="2025-01-16T23:34:27 ICT" name="homePage" finished-at="2025-01-16T23:34:31 ICT" duration-ms="4262" status="PASS">
          <reporter-output>
          </reporter-output>
        </test-method> <!-- homePage -->
        <test-method signature="selectProduct(java.lang.String)[pri:1, instance:com.thoaikx.HomePageTest@289f15e9]" started-at="2025-01-16T23:34:32 ICT" name="selectProduct" data-provider="product-name" finished-at="2025-01-16T23:34:32 ICT" duration-ms="544" status="PASS">
          <params>
            <param index="0">
              <value>
                <![CDATA[Blackberry]]>
              </value>
            </param>
          </params>
          <reporter-output>
          </reporter-output>
        </test-method> <!-- selectProduct -->
        <test-method signature="selectProduct(java.lang.String)[pri:1, instance:com.thoaikx.HomePageTest@289f15e9]" started-at="2025-01-16T23:34:32 ICT" name="selectProduct" data-provider="product-name" finished-at="2025-01-16T23:34:33 ICT" duration-ms="347" status="PASS">
          <params>
            <param index="0">
              <value>
                <![CDATA[Nokia Edge]]>
              </value>
            </param>
          </params>
          <reporter-output>
          </reporter-output>
        </test-method> <!-- selectProduct -->
        <test-method signature="checkOut()[pri:2, instance:com.thoaikx.HomePageTest@289f15e9]" started-at="2025-01-16T23:34:33 ICT" name="checkOut" finished-at="2025-01-16T23:34:40 ICT" duration-ms="6830" status="PASS">
          <reporter-output>
          </reporter-output>
        </test-method> <!-- checkOut -->
        <test-method is-config="true" signature="stop()[pri:0, instance:com.thoaikx.HomePageTest@289f15e9]" started-at="2025-01-16T23:34:40 ICT" name="stop" finished-at="2025-01-16T23:34:42 ICT" duration-ms="2023" status="PASS">
          <reporter-output>
          </reporter-output>
        </test-method> <!-- stop -->
        <test-method is-config="true" signature="postCondition()[pri:0, instance:com.thoaikx.HomePageTest@289f15e9]" started-at="2025-01-16T23:34:42 ICT" name="postCondition" finished-at="2025-01-16T23:34:42 ICT" duration-ms="212" status="PASS">
          <reporter-output>
          </reporter-output>
        </test-method> <!-- postCondition -->
        <test-method is-config="true" signature="genReport()[pri:0, instance:com.thoaikx.HomePageTest@289f15e9]" started-at="2025-01-16T23:34:44 ICT" name="genReport" finished-at="2025-01-16T23:34:44 ICT" duration-ms="2" status="PASS">
          <reporter-output>
          </reporter-output>
        </test-method> <!-- genReport -->
      </class> <!-- com.thoaikx.HomePageTest -->
    </test> <!-- Surefire test -->
  </suite> <!-- Surefire suite -->
</testng-results>
