<?xml version="1.0" encoding="UTF-8"?>
<testng-results ignored="0" total="4" passed="4" failed="0" skipped="0">
  <reporter-output>
  </reporter-output>
  <suite started-at="2025-01-16T22:39:13 ICT" name="Local one browser Edge" finished-at="2025-01-16T22:39:31 ICT" duration-ms="18342">
    <groups>
    </groups>
    <test started-at="2025-01-16T22:39:13 ICT" name="Chome Tests" finished-at="2025-01-16T22:39:31 ICT" duration-ms="18342">
      <class name="com.thoaikx.HomePageTest">
        <test-method is-config="true" signature="beforeSuite()[pri:0, instance:com.thoaikx.HomePageTest@3bbb8c16]" started-at="2025-01-16T22:39:13 ICT" name="beforeSuite" finished-at="2025-01-16T22:39:13 ICT" duration-ms="197" status="PASS">
          <reporter-output>
          </reporter-output>
        </test-method> <!-- beforeSuite -->
        <test-method is-config="true" signature="preCondition(java.lang.String)[pri:0, instance:com.thoaikx.HomePageTest@3bbb8c16]" started-at="2025-01-16T22:39:13 ICT" name="preCondition" finished-at="2025-01-16T22:39:18 ICT" duration-ms="5100" status="PASS">
          <params>
            <param index="0">
              <value>
                <![CDATA[chrome]]>
              </value>
            </param>
          </params>
          <reporter-output>
          </reporter-output>
        </test-method> <!-- preCondition -->
        <test-method is-config="true" signature="start()[pri:0, instance:com.thoaikx.HomePageTest@3bbb8c16]" started-at="2025-01-16T22:39:18 ICT" name="start" finished-at="2025-01-16T22:39:19 ICT" duration-ms="455" status="PASS">
          <reporter-output>
          </reporter-output>
        </test-method> <!-- start -->
        <test-method signature="homePage()[pri:0, instance:com.thoaikx.HomePageTest@3bbb8c16]" started-at="2025-01-16T22:39:19 ICT" name="homePage" finished-at="2025-01-16T22:39:21 ICT" duration-ms="2844" status="PASS">
          <reporter-output>
          </reporter-output>
        </test-method> <!-- homePage -->
        <test-method signature="selectProduct(java.lang.String)[pri:1, instance:com.thoaikx.HomePageTest@3bbb8c16]" started-at="2025-01-16T22:39:22 ICT" name="selectProduct" data-provider="product-name" finished-at="2025-01-16T22:39:22 ICT" duration-ms="269" status="PASS">
          <params>
            <param index="0">
              <value>
                <![CDATA[Blackberry]]>
              </value>
            </param>
          </params>
          <reporter-output>
          </reporter-output>
        </test-method> <!-- selectProduct -->
        <test-method signature="selectProduct(java.lang.String)[pri:1, instance:com.thoaikx.HomePageTest@3bbb8c16]" started-at="2025-01-16T22:39:22 ICT" name="selectProduct" data-provider="product-name" finished-at="2025-01-16T22:39:22 ICT" duration-ms="217" status="PASS">
          <params>
            <param index="0">
              <value>
                <![CDATA[Nokia Edge]]>
              </value>
            </param>
          </params>
          <reporter-output>
          </reporter-output>
        </test-method> <!-- selectProduct -->
        <test-method signature="checkOut()[pri:2, instance:com.thoaikx.HomePageTest@3bbb8c16]" started-at="2025-01-16T22:39:22 ICT" name="checkOut" finished-at="2025-01-16T22:39:29 ICT" duration-ms="6431" status="PASS">
          <reporter-output>
          </reporter-output>
        </test-method> <!-- checkOut -->
        <test-method is-config="true" signature="stop()[pri:0, instance:com.thoaikx.HomePageTest@3bbb8c16]" started-at="2025-01-16T22:39:29 ICT" name="stop" finished-at="2025-01-16T22:39:31 ICT" duration-ms="2059" status="PASS">
          <reporter-output>
          </reporter-output>
        </test-method> <!-- stop -->
        <test-method is-config="true" signature="postCondition()[pri:0, instance:com.thoaikx.HomePageTest@3bbb8c16]" started-at="2025-01-16T22:39:31 ICT" name="postCondition" finished-at="2025-01-16T22:39:31 ICT" duration-ms="315" status="PASS">
          <reporter-output>
          </reporter-output>
        </test-method> <!-- postCondition -->
        <test-method is-config="true" signature="genReport()[pri:0, instance:com.thoaikx.HomePageTest@3bbb8c16]" started-at="2025-01-16T22:39:32 ICT" name="genReport" finished-at="2025-01-16T22:39:32 ICT" duration-ms="1" status="PASS">
          <reporter-output>
          </reporter-output>
        </test-method> <!-- genReport -->
      </class> <!-- com.thoaikx.HomePageTest -->
    </test> <!-- Chome Tests -->
  </suite> <!-- Local one browser Edge -->
</testng-results>
