<?xml version="1.0" encoding="UTF-8"?>
<testsuite xmlns:xsi="http://www.w3.org/2001/XMLSchema-instance" xsi:noNamespaceSchemaLocation="https://maven.apache.org/surefire/maven-surefire-plugin/xsd/surefire-test-report.xsd" version="3.0.2" name="TestSuite" time="22.95" tests="4" errors="0" skipped="0" failures="0">
  <properties>
[...]
</properties>
  <testcase name="homePage" classname="com.thoaikx.HomePageTest" time="2.905">
    <system-out><![CDATA[Allure environment data saved.
[INFO ] 2025-01-17 00:23:03.061 [main] TargetFactory - Target is LOCAL
[INFO ] 2025-01-17 00:23:08.291 [main] BaseWeb - Infor brower browser: chrome v: 131.0.6778.265 platform: mac
]]></system-out>
  </testcase>
  <testcase name="selectProduct[Blackberry](1)" classname="com.thoaikx.HomePageTest" time="0.293"/>
  <testcase name="selectProduct[Nokia Edge](2)" classname="com.thoaikx.HomePageTest" time="0.199"/>
  <testcase name="checkOut" classname="com.thoaikx.HomePageTest" time="6.097"/>
</testsuite>