<?xml version="1.0" encoding="UTF-8"?>
<testsuite xmlns:xsi="http://www.w3.org/2001/XMLSchema-instance" xsi:noNamespaceSchemaLocation="https://maven.apache.org/surefire/maven-surefire-plugin/xsd/surefire-test-report.xsd" version="3.0.2" name="TestSuite" time="10.953" tests="1" errors="0" skipped="0" failures="0">
  <properties>
[...]
</properties>
  <testcase name="test02" classname="com.thoaikx.Test01" time="3.199">
    <system-out><![CDATA[Allure environment data saved.
[INFO ] 2024-12-21 00:18:34.971 [main] TargetFactory - Target is LOCAL
[INFO ] 2024-12-21 00:18:37.117 [main] BaseWeb - Infor brower browser: MicrosoftEdge v: 131.0.2903.99 platform: windows
]]></system-out>
  </testcase>
</testsuite>