<?xml version="1.0" encoding="UTF-8"?>
<testsuite xmlns:xsi="http://www.w3.org/2001/XMLSchema-instance" xsi:noNamespaceSchemaLocation="https://maven.apache.org/surefire/maven-surefire-plugin/xsd/surefire-test-report.xsd" version="3.0.2" name="com.thoaikx.Test01" time="8.665" tests="1" errors="0" skipped="0" failures="0">
  <properties>
[...]
</properties>
  <testcase name="lambdaStepTest" classname="com.thoaikx.Test01" time="0.228">
    <system-out><![CDATA[Allure environment data saved.
Browser parameter received: chrome
LOCAL_SUITE
]]></system-out>
  </testcase>
</testsuite>