<?xml version="1.0" encoding="UTF-8"?>
<testng-results ignored="0" total="1" passed="1" failed="0" skipped="0">
  <reporter-output>
  </reporter-output>
  <suite started-at="2024-12-21T00:18:34 ICT" name="Local one browser Edge" finished-at="2024-12-21T00:18:43 ICT" duration-ms="8254">
    <groups>
    </groups>
    <test started-at="2024-12-21T00:18:34 ICT" name="Edge Tests" finished-at="2024-12-21T00:18:43 ICT" duration-ms="8254">
      <class name="com.thoaikx.Test01">
        <test-method is-config="true" signature="beforeSuite()[pri:0, instance:com.thoaikx.Test01@2001e48c]" started-at="2024-12-21T00:18:34 ICT" name="beforeSuite" finished-at="2024-12-21T00:18:34 ICT" duration-ms="289" status="PASS">
          <reporter-output>
          </reporter-output>
        </test-method> <!-- beforeSuite -->
        <test-method is-config="true" signature="preCondition(java.lang.String)[pri:0, instance:com.thoaikx.Test01@2001e48c]" started-at="2024-12-21T00:18:34 ICT" name="preCondition" finished-at="2024-12-21T00:18:38 ICT" duration-ms="3639" status="PASS">
          <params>
            <param index="0">
              <value>
                <![CDATA[chrome]]>
              </value>
            </param>
          </params>
          <reporter-output>
          </reporter-output>
        </test-method> <!-- preCondition -->
        <test-method signature="test02()[pri:0, instance:com.thoaikx.Test01@2001e48c]" started-at="2024-12-21T00:18:38 ICT" name="test02" finished-at="2024-12-21T00:18:41 ICT" duration-ms="3045" status="PASS">
          <reporter-output>
          </reporter-output>
        </test-method> <!-- test02 -->
        <test-method is-config="true" signature="postCondition()[pri:0, instance:com.thoaikx.Test01@2001e48c]" started-at="2024-12-21T00:18:41 ICT" name="postCondition" finished-at="2024-12-21T00:18:43 ICT" duration-ms="1358" status="PASS">
          <reporter-output>
          </reporter-output>
        </test-method> <!-- postCondition -->
        <test-method is-config="true" signature="genReport()[pri:0, instance:com.thoaikx.Test01@2001e48c]" started-at="2024-12-21T00:18:43 ICT" name="genReport" finished-at="2024-12-21T00:18:43 ICT" duration-ms="1" status="PASS">
          <reporter-output>
          </reporter-output>
        </test-method> <!-- genReport -->
      </class> <!-- com.thoaikx.Test01 -->
    </test> <!-- Edge Tests -->
  </suite> <!-- Local one browser Edge -->
</testng-results>
