<?xml version="1.0" encoding="UTF-8"?>
<testsuite xmlns:xsi="http://www.w3.org/2001/XMLSchema-instance" xsi:noNamespaceSchemaLocation="https://maven.apache.org/surefire/maven-surefire-plugin/xsd/surefire-test-report.xsd" version="3.0.2" name="com.thoaikx.Test01" time="2.959" tests="4" errors="0" skipped="3" failures="1">
  <properties>
[...]
</properties>
  <testcase name="preCondition" classname="com.thoaikx.Test01" time="2.747">
    <failure message="&#10;Parameter &apos;browser&apos; is required by BeforeTest on method preCondition but has not been marked @Optional or defined&#10;" type="org.testng.TestNGException"><![CDATA[org.testng.TestNGException: 

Parameter 'browser' is required by BeforeTest on method preCondition but has not been marked @Optional or defined

	at org.testng.internal.Parameters.createParams(Parameters.java:264)
	at org.testng.internal.Parameters.createParametersForMethod(Parameters.java:352)
	at org.testng.internal.Parameters.createParameters(Parameters.java:690)
	at org.testng.internal.Parameters.createConfigurationParameters(Parameters.java:163)
	at org.testng.internal.invokers.ConfigInvoker.invokeConfigurations(ConfigInvoker.java:313)
	at org.testng.TestRunner.invokeTestConfigurations(TestRunner.java:655)
	at org.testng.TestRunner.beforeRun(TestRunner.java:644)
	at org.testng.TestRunner.run(TestRunner.java:610)
	at org.testng.SuiteRunner.runTest(SuiteRunner.java:421)
	at org.testng.SuiteRunner.runSequentially(SuiteRunner.java:413)
	at org.testng.SuiteRunner.privateRun(SuiteRunner.java:373)
	at org.testng.SuiteRunner.run(SuiteRunner.java:312)
	at org.testng.SuiteRunnerWorker.runSuite(SuiteRunnerWorker.java:52)
	at org.testng.SuiteRunnerWorker.run(SuiteRunnerWorker.java:95)
	at org.testng.TestNG.runSuitesSequentially(TestNG.java:1274)
	at org.testng.TestNG.runSuitesLocally(TestNG.java:1208)
	at org.testng.TestNG.runSuites(TestNG.java:1112)
	at org.testng.TestNG.run(TestNG.java:1079)
	at org.apache.maven.surefire.testng.TestNGExecutor.run(TestNGExecutor.java:155)
	at org.apache.maven.surefire.testng.TestNGDirectoryTestSuite.executeSingleClass(TestNGDirectoryTestSuite.java:102)
	at org.apache.maven.surefire.testng.TestNGDirectoryTestSuite.execute(TestNGDirectoryTestSuite.java:91)
	at org.apache.maven.surefire.testng.TestNGProvider.invoke(TestNGProvider.java:137)
	at org.apache.maven.surefire.booter.ForkedBooter.runSuitesInProcess(ForkedBooter.java:385)
	at org.apache.maven.surefire.booter.ForkedBooter.execute(ForkedBooter.java:162)
	at org.apache.maven.surefire.booter.ForkedBooter.run(ForkedBooter.java:507)
	at org.apache.maven.surefire.booter.ForkedBooter.main(ForkedBooter.java:495)
]]></failure>
    <system-out><![CDATA[Allure environment data saved.
Could not invoke listener method
java.lang.NullPointerException: Cannot invoke "org.openqa.selenium.TakesScreenshot.getScreenshotAs(org.openqa.selenium.OutputType)" because "driver" is null
	at com.thoaikx.report.AllureTestLifecycleListener.saveScreenshot(AllureTestLifecycleListener.java:25)
	at com.thoaikx.report.AllureTestLifecycleListener.beforeTestStop(AllureTestLifecycleListener.java:31)
	at io.qameta.allure.listener.LifecycleNotifier.lambda$runSafely$0(LifecycleNotifier.java:211)
	at java.base/java.util.ArrayList.forEach(ArrayList.java:1511)
	at io.qameta.allure.listener.LifecycleNotifier.runSafely(LifecycleNotifier.java:209)
	at io.qameta.allure.listener.LifecycleNotifier.beforeTestStop(LifecycleNotifier.java:88)
	at io.qameta.allure.AllureLifecycle.stopTestCase(AllureLifecycle.java:420)
	at io.qameta.allure.testng.AllureTestNg.stopTestCase(AllureTestNg.java:438)
	at io.qameta.allure.testng.AllureTestNg.onConfigurationFailure(AllureTestNg.java:626)
	at org.testng.internal.TestListenerHelper.runPostConfigurationListeners(TestListenerHelper.java:66)
	at org.testng.internal.invokers.ConfigInvoker.runConfigurationListeners(ConfigInvoker.java:452)
	at org.testng.internal.invokers.ConfigInvoker.handleConfigurationFailure(ConfigInvoker.java:503)
	at org.testng.internal.invokers.ConfigInvoker.invokeConfigurations(ConfigInvoker.java:346)
	at org.testng.TestRunner.invokeTestConfigurations(TestRunner.java:655)
	at org.testng.TestRunner.beforeRun(TestRunner.java:644)
	at org.testng.TestRunner.run(TestRunner.java:610)
	at org.testng.SuiteRunner.runTest(SuiteRunner.java:421)
	at org.testng.SuiteRunner.runSequentially(SuiteRunner.java:413)
	at org.testng.SuiteRunner.privateRun(SuiteRunner.java:373)
	at org.testng.SuiteRunner.run(SuiteRunner.java:312)
	at org.testng.SuiteRunnerWorker.runSuite(SuiteRunnerWorker.java:52)
	at org.testng.SuiteRunnerWorker.run(SuiteRunnerWorker.java:95)
	at org.testng.TestNG.runSuitesSequentially(TestNG.java:1274)
	at org.testng.TestNG.runSuitesLocally(TestNG.java:1208)
	at org.testng.TestNG.runSuites(TestNG.java:1112)
	at org.testng.TestNG.run(TestNG.java:1079)
	at org.apache.maven.surefire.testng.TestNGExecutor.run(TestNGExecutor.java:155)
	at org.apache.maven.surefire.testng.TestNGDirectoryTestSuite.executeSingleClass(TestNGDirectoryTestSuite.java:102)
	at org.apache.maven.surefire.testng.TestNGDirectoryTestSuite.execute(TestNGDirectoryTestSuite.java:91)
	at org.apache.maven.surefire.testng.TestNGProvider.invoke(TestNGProvider.java:137)
	at org.apache.maven.surefire.booter.ForkedBooter.runSuitesInProcess(ForkedBooter.java:385)
	at org.apache.maven.surefire.booter.ForkedBooter.execute(ForkedBooter.java:162)
	at org.apache.maven.surefire.booter.ForkedBooter.run(ForkedBooter.java:507)
	at org.apache.maven.surefire.booter.ForkedBooter.main(ForkedBooter.java:495)
]]></system-out>
    <system-err><![CDATA[SLF4J: Class path contains multiple SLF4J bindings.
SLF4J: Found binding in [jar:file:/C:/Users/ad/.m2/repository/org/slf4j/slf4j-log4j12/1.7.5/slf4j-log4j12-1.7.5.jar!/org/slf4j/impl/StaticLoggerBinder.class]
SLF4J: Found binding in [jar:file:/C:/Users/ad/.m2/repository/org/apache/logging/log4j/log4j-slf4j-impl/2.23.1/log4j-slf4j-impl-2.23.1.jar!/org/slf4j/impl/StaticLoggerBinder.class]
SLF4J: See http://www.slf4j.org/codes.html#multiple_bindings for an explanation.
SLF4J: Actual binding is of type [org.slf4j.impl.Log4jLoggerFactory]
]]></system-err>
  </testcase>
  <testcase name="test02" classname="com.thoaikx.Test01" time="0.0">
    <skipped message="&#10;Parameter &apos;browser&apos; is required by BeforeTest on method preCondition but has not been marked @Optional or defined&#10;"/>
  </testcase>
  <testcase name="postCondition" classname="com.thoaikx.Test01" time="0.0">
    <skipped/>
  </testcase>
  <testcase name="genReport" classname="com.thoaikx.Test01" time="0.0">
    <skipped/>
  </testcase>
</testsuite>