<?xml version="1.0" encoding="UTF-8"?>
<!-- Generated by org.testng.reporters.JUnitXMLReporter -->
<testsuite ignored="0" hostname="App" failures="0" tests="4" name="Safari Execution" time="58.745" errors="0" timestamp="2025-01-18T17:07:01 ICT">
  <testcase classname="com.thoaikx.HomePageTest" name="homePage" time="0.001">
    <skipped/>
  </testcase> <!-- homePage -->
  <testcase classname="com.thoaikx.HomePageTest" name="selectProduct" time="0.0">
    <skipped/>
  </testcase> <!-- selectProduct -->
  <testcase classname="com.thoaikx.HomePageTest" name="selectProduct" time="0.001">
    <skipped/>
  </testcase> <!-- selectProduct -->
  <testcase classname="com.thoaikx.HomePageTest" name="checkOut" time="0.0">
    <skipped/>
  </testcase> <!-- checkOut -->
</testsuite> <!-- Safari Execution -->
