<?xml version="1.0" encoding="UTF-8"?>
<!-- Generated by org.testng.reporters.JUnitXMLReporter -->
<testsuite ignored="0" hostname="192.168.1.248.non-exists.ptr.local" failures="0" tests="4" name="Chome Tests" time="14.948" errors="0" timestamp="2025-01-16T23:56:48 ICT">
  <testcase classname="com.thoaikx.HomePageTest" name="homePage" time="3.084"/>
  <testcase classname="com.thoaikx.HomePageTest" name="selectProduct" time="0.211"/>
  <testcase classname="com.thoaikx.HomePageTest" name="selectProduct" time="0.166"/>
  <testcase classname="com.thoaikx.HomePageTest" name="checkOut" time="5.985"/>
</testsuite> <!-- Chome Tests -->
